<?xml version="1.0" encoding="UTF-8"?>
<!-- Generated by org.testng.reporters.JUnitXMLReporter -->
<testsuite hostname="IT-PC" name="Default test" tests="4" failures="0" timestamp="23 May 2018 11:28:52 GMT" time="4.985" errors="0">
  <testcase name="user_login" time="1.785" classname="TestCases.Login"/>
  <testcase name="user_login" time="1.12" classname="TestCases.Login"/>
  <testcase name="user_login" time="1.067" classname="TestCases.Login"/>
  <testcase name="user_login" time="0.453" classname="TestCases.Login"/>
</testsuite> <!-- Default test -->
