<?xml version="1.0" encoding="UTF-8"?>
<testng-results skipped="0" failed="0" total="4" passed="4">
  <reporter-output>
  </reporter-output>
  <suite name="Default suite" duration-ms="4985" started-at="2018-05-23T11:28:47Z" finished-at="2018-05-23T11:28:52Z">
    <groups>
    </groups>
    <test name="Default test" duration-ms="4985" started-at="2018-05-23T11:28:47Z" finished-at="2018-05-23T11:28:52Z">
      <class name="TestCases.Login">
        <test-method status="PASS" signature="setup()[pri:0, instance:TestCases.Login@146ba0ac]" name="setup" is-config="true" duration-ms="4347" started-at="2018-05-23T16:58:42Z" finished-at="2018-05-23T16:58:47Z">
          <reporter-output>
          </reporter-output>
        </test-method> <!-- setup -->
        <test-method status="PASS" signature="user_login(java.lang.String, java.lang.String)[pri:0, instance:TestCases.Login@146ba0ac]" name="user_login" duration-ms="1785" started-at="2018-05-23T16:58:47Z" data-provider="getAuthenticationFromExcel" finished-at="2018-05-23T16:58:49Z">
          <params>
            <param index="0">
              <value>
                <![CDATA[Username]]>
              </value>
            </param>
            <param index="1">
              <value>
                <![CDATA[Password]]>
              </value>
            </param>
          </params>
          <reporter-output>
          </reporter-output>
        </test-method> <!-- user_login -->
        <test-method status="PASS" signature="user_login(java.lang.String, java.lang.String)[pri:0, instance:TestCases.Login@146ba0ac]" name="user_login" duration-ms="1120" started-at="2018-05-23T16:58:49Z" data-provider="getAuthenticationFromExcel" finished-at="2018-05-23T16:58:50Z">
          <params>
            <param index="0">
              <value>
                <![CDATA[Reception]]>
              </value>
            </param>
            <param index="1">
              <value>
                <![CDATA[Nwnt@123]]>
              </value>
            </param>
          </params>
          <reporter-output>
          </reporter-output>
        </test-method> <!-- user_login -->
        <test-method status="PASS" signature="user_login(java.lang.String, java.lang.String)[pri:0, instance:TestCases.Login@146ba0ac]" name="user_login" duration-ms="1067" started-at="2018-05-23T16:58:50Z" data-provider="getAuthenticationFromExcel" finished-at="2018-05-23T16:58:51Z">
          <params>
            <param index="0">
              <value>
                <![CDATA[V_Visitor]]>
              </value>
            </param>
            <param index="1">
              <value>
                <![CDATA[Visitor@123]]>
              </value>
            </param>
          </params>
          <reporter-output>
          </reporter-output>
        </test-method> <!-- user_login -->
        <test-method status="PASS" signature="user_login(java.lang.String, java.lang.String)[pri:0, instance:TestCases.Login@146ba0ac]" name="user_login" duration-ms="453" started-at="2018-05-23T16:58:51Z" data-provider="getAuthenticationFromExcel" finished-at="2018-05-23T16:58:52Z">
          <params>
            <param index="0">
              <value>
                <![CDATA[S_vohra]]>
              </value>
            </param>
            <param index="1">
              <value>
                <![CDATA[Doct@123]]>
              </value>
            </param>
          </params>
          <reporter-output>
          </reporter-output>
        </test-method> <!-- user_login -->
        <test-method status="PASS" signature="cleanup()[pri:0, instance:TestCases.Login@146ba0ac]" name="cleanup" is-config="true" duration-ms="1077" started-at="2018-05-23T16:58:52Z" finished-at="2018-05-23T16:58:53Z">
          <reporter-output>
          </reporter-output>
        </test-method> <!-- cleanup -->
      </class> <!-- TestCases.Login -->
    </test> <!-- Default test -->
  </suite> <!-- Default suite -->
</testng-results>
